[LOG] [2018-04-13 17:46:13] Name Request Adhitia
[LOG] [2018-04-13 17:47:29] Name Request Adhitia
[LOG] [2018-04-13 17:48:09] Name Request Adhitia
[LOG] [2018-04-13 17:48:09] Response Message Hello, Adhitia 
[LOG] [2018-04-13 17:49:23] Name Request Adhitia
[LOG] [2018-04-13 17:49:23] Response Message Hello, Adhitia 
[LOG] [2018-04-13 17:58:15] Name Request Adhitia
[LOG] [2018-04-13 17:58:15] Response Final Message Hello, Adhitia 
[LOG] [2018-04-13 17:59:12] Name Request Adhitia
[LOG] [2018-04-13 17:59:12] Response Final Message Hello, Adhitia 
[LOG] [2018-04-13 18:00:17] Name Request Adhitia
[LOG] [2018-04-13 18:00:17] Response Final Message Hello, Adhitia 
[LOG] [2021-11-09 18:02:19] Name Request sron
[LOG] [2021-11-09 18:02:19] Response Final Message Hello, sron 
[LOG] [2021-11-14 15:52:53] Name Request sron
[LOG] [2021-11-14 15:52:53] Response Final Message Hello, sron 
[LOG] [2021-11-14 15:53:50] Name Request sron
[LOG] [2021-11-14 15:53:50] Response Final Message Hello, sron 
[LOG] [2021-11-14 23:06:56] Name Request Rifki
[LOG] [2021-11-14 23:06:56] Response Final Message Hello, Rifki 
